<?xml version="1.0" encoding="UTF-8"?>
<!-- Generated by org.testng.reporters.JUnitXMLReporter -->
<testsuite ignored="1" hostname="5CG1418WXV" failures="1" tests="41" name="Test" time="0.382" errors="0" timestamp="2025-08-29T11:55:34 IST">
  <testcase classname="TestCases.ParallelExecutionTest" name="Test1" time="0.01"/>
  <testcase classname="TestCases.ParallelExecutionTest" name="Test2" time="0.002"/>
  <testcase classname="TestCases.ParallelExecutionTest" name="Test3" time="0.002"/>
  <testcase classname="TestCases.ParallelExecutionTest" name="Test4" time="0.002"/>
  <testcase classname="TestCases.InvocationCount" name="InvocationMethod1" time="0.004"/>
  <testcase classname="TestCases.InvocationCount" name="InvocationMethod2" time="0.013"/>
  <testcase classname="TestCases.InvocationCount" name="InvocationMethod2" time="0.013"/>
  <testcase classname="TestCases.InvocationCount" name="InvocationMethod2" time="0.015"/>
  <testcase classname="TestCases.InvocationCount" name="InvocationMethod2" time="0.014"/>
  <testcase classname="TestCases.InvocationCount" name="InvocationMethod2" time="0.013"/>
  <testcase classname="TestCases.EnableParameter" name="test1" time="0.004"/>
  <testcase classname="TestCases.EnableParameter" name="test3" time="0.002"/>
  <testcase classname="TestCases.EnableParameter" name="test4" time="0.002"/>
  <testcase classname="TestCases.expectedExceptionTest" name="exceptionTest1" time="0.001"/>
  <testcase classname="TestCases.expectedExceptionTest" name="exceptionTest2" time="0.002"/>
  <testcase classname="TestCases.expectedExceptionTest" name="exceptionTest3" time="0.002"/>
  <testcase classname="TestCases.DataProviderTest" name="GetDataFromDataProvider" time="0.004"/>
  <testcase classname="TestCases.DataProviderTest" name="GetDataFromDataProvider" time="0.004"/>
  <testcase classname="TestCases.DataProviderTest" name="GetDataFromDataProvider" time="0.001"/>
  <testcase classname="TestCases.AnnottionsInTestNG" name="testcase1" time="0.003"/>
  <testcase classname="TestCases.AnnottionsInTestNG" name="testcase2" time="0.002"/>
  <testcase classname="TestCases.AnnottionsInTestNG" name="testcase3" time="0.001"/>
  <testcase classname="TestCases.DataProviderFromOtherClass" name="getTestDatafromDataProvider" time="0.002"/>
  <testcase classname="TestCases.DataProviderFromOtherClass" name="getTestDatafromDataProvider" time="0.001"/>
  <testcase classname="TestCases.ParallelExecutionTest2" name="test5" time="0.002"/>
  <testcase classname="TestCases.ParallelExecutionTest2" name="test6" time="0.002"/>
  <testcase classname="TestCases.Priority" name="xyz" time="0.001"/>
  <testcase classname="TestCases.Priority" name="lmn" time="0.003"/>
  <testcase classname="TestCases.Priority" name="omn" time="0.001"/>
  <testcase classname="TestCases.Priority" name="abc" time="0.001"/>
  <testcase classname="TestCases.Priority" name="ghj" time="0.004"/>
  <testcase classname="TestCases.GroupsTest" name="Test1" time="0.002"/>
  <testcase classname="TestCases.GroupsTest" name="Test10" time="0.002"/>
  <testcase classname="TestCases.GroupsTest" name="Test2" time="0.001"/>
  <testcase classname="TestCases.GroupsTest" name="Test3" time="0.002"/>
  <testcase classname="TestCases.GroupsTest" name="Test4" time="0.002"/>
  <testcase classname="TestCases.GroupsTest" name="Test5" time="0.002"/>
  <testcase classname="TestCases.DependsOnMethods" name="Test1" time="0.002">
    <failure type="java.lang.ArithmeticException" message="/ by zero">
      <![CDATA[java.lang.ArithmeticException: / by zero
at TestCases.DependsOnMethods.Test1(DependsOnMethods.java:11)
at java.base/java.util.ArrayList.forEach(ArrayList.java:1596)
... Removed 25 stack frames]]>
    </failure>
  </testcase> <!-- Test1 -->
  <testcase classname="TestCases.DependsOnMethods" name="Test2" time="0.004"/>
  <testcase classname="TestCases.DependsOnMethods" name="Test3" time="0.0">
    <skipped/>
  </testcase> <!-- Test3 -->
  <testcase classname="TestCases.DependsOnMethods" name="Test4" time="0.002"/>
  <testcase classname="TestCases.EnableParameter" name="test2" time="0.0">
    <ignored/>
  </testcase> <!-- test2 -->
</testsuite> <!-- Test -->
