<?xml version="1.0" encoding="UTF-8"?>
<testng-results ignored="1" total="2" passed="1" failed="0" skipped="0">
  <reporter-output>
  </reporter-output>
  <suite started-at="2025-08-22T11:48:22 IST" name="Default suite" finished-at="2025-08-22T11:48:26 IST" duration-ms="3886">
    <groups>
    </groups>
    <test started-at="2025-08-22T11:48:22 IST" name="Default test" finished-at="2025-08-22T11:48:26 IST" duration-ms="3886">
      <class name="Tests.MyFirstAPI">
        <test-method signature="test_2()[pri:0, instance:Tests.MyFirstAPI@4f83df68]" started-at="2025-08-22T11:48:22 IST" name="test_2" finished-at="2025-08-22T11:48:26 IST" duration-ms="3845" status="PASS">
          <reporter-output>
          </reporter-output>
        </test-method> <!-- test_2 -->
      </class> <!-- Tests.MyFirstAPI -->
    </test> <!-- Default test -->
  </suite> <!-- Default suite -->
</testng-results>
