<?xml version="1.0" encoding="UTF-8"?>
<!-- Generated by org.testng.reporters.JUnitXMLReporter -->
<testsuite ignored="1" hostname="5CG1418WXV" failures="1" tests="1" name="Test(failed)" time="0.102" errors="0" timestamp="2025-09-03T11:26:34 IST">
  <testcase classname="TestNGListers.LoginToGuru99" name="TestToFail" time="0.026">
    <failure type="java.lang.AssertionError" message="expected [true] but found [false]">
      <![CDATA[java.lang.AssertionError: expected [true] but found [false]
at TestNGListers.LoginToGuru99.TestToFail(LoginToGuru99.java:43)
at java.base/java.util.ArrayList.forEach(ArrayList.java:1596)
... Removed 29 stack frames]]>
    </failure>
  </testcase> <!-- TestToFail -->
  <testcase classname="TestNGListers.LoginToGuru99" name="logintoguru" time="0.0">
    <ignored/>
  </testcase> <!-- logintoguru -->
</testsuite> <!-- Test(failed) -->
