<?xml version="1.0" encoding="UTF-8"?>
<!-- Generated by org.testng.reporters.JUnitXMLReporter -->
<testsuite ignored="2" hostname="5CG1418WXV" failures="1" tests="2" name="EdgeTest" time="13.588" errors="0" timestamp="2025-08-21T10:21:21 IST">
  <testcase classname="com.shop.grocery.CrossBrowserTesting" name="loginToWebShop" time="6.666"/>
  <testcase classname="com.shop.grocery.RegisterNewUser" name="registerNewUSer" time="0.106">
    <failure type="java.lang.NullPointerException" message="Cannot invoke &amp;quot;org.openqa.selenium.WebDriver.findElement(org.openqa.selenium.By)&amp;quot; because &amp;quot;this.driver&amp;quot; is null">
      <![CDATA[java.lang.NullPointerException: Cannot invoke "org.openqa.selenium.WebDriver.findElement(org.openqa.selenium.By)" because "this.driver" is null
at com.shop.grocery.RegisterNewUser.registerNewUSer(RegisterNewUser.java:16)
at java.base/java.util.ArrayList.forEach(ArrayList.java:1596)
... Removed 25 stack frames]]>
    </failure>
  </testcase> <!-- registerNewUSer -->
  <testcase classname="com.shop.utilites.utitilies" name="@BeforeTest launchBrowser" time="0.0">
    <ignored/>
  </testcase> <!-- @BeforeTest launchBrowser -->
  <testcase classname="com.shop.utilites.utitilies" name="@AfterTest teamDown" time="0.0">
    <ignored/>
  </testcase> <!-- @AfterTest teamDown -->
</testsuite> <!-- EdgeTest -->
