<?xml version="1.0" encoding="UTF-8"?>
<!-- Generated by org.testng.reporters.JUnitXMLReporter -->
<testsuite ignored="3" hostname="5CG1418WXV" failures="0" tests="2" name="Edge test" time="16.621" errors="0" timestamp="2025-08-21T13:32:40 IST">
  <testcase classname="com.shop.grocery.CrossBrowserTesting" name="loginToWebShop" time="6.199"/>
  <testcase classname="com.shop.grocery.RegisterNewUser" name="registerNewUSer" time="4.98"/>
  <testcase classname="com.shop.utilites.BaseTest" name="@AfterSuite tearDown" time="0.0">
    <ignored/>
  </testcase> <!-- @AfterSuite tearDown -->
  <testcase classname="com.shop.utilites.BaseTest" name="@BeforeTest launchBrowser" time="0.0">
    <ignored/>
  </testcase> <!-- @BeforeTest launchBrowser -->
  <testcase classname="com.shop.utilites.BaseTest" name="@AfterTest teamDown" time="0.0">
    <ignored/>
  </testcase> <!-- @AfterTest teamDown -->
</testsuite> <!-- Edge test -->
