<?xml version="1.0" encoding="UTF-8"?>
<testng-results ignored="1" total="2" passed="1" failed="0" skipped="0">
  <reporter-output>
  </reporter-output>
  <suite started-at="2025-09-03T11:51:44 IST" name="Default suite" finished-at="2025-09-03T11:51:59 IST" duration-ms="14969">
    <groups>
    </groups>
    <test started-at="2025-09-03T11:51:44 IST" name="Default test" finished-at="2025-09-03T11:51:59 IST" duration-ms="14969">
      <class name="TestNGListers.LoginToGuru99">
        <test-method signature="logintoguru()[pri:0, instance:TestNGListers.LoginToGuru99@7c7b252e]" started-at="2025-09-03T11:51:44 IST" name="logintoguru" finished-at="2025-09-03T11:51:59 IST" duration-ms="14914" status="PASS">
          <reporter-output>
          </reporter-output>
        </test-method> <!-- logintoguru -->
      </class> <!-- TestNGListers.LoginToGuru99 -->
    </test> <!-- Default test -->
  </suite> <!-- Default suite -->
</testng-results>
