<?xml version="1.0" encoding="UTF-8"?>
<testng-results ignored="0" total="1" passed="1" failed="0" skipped="0">
  <reporter-output>
  </reporter-output>
  <suite started-at="2025-08-28T17:39:56 IST" name="Default suite" finished-at="2025-08-28T17:40:15 IST" duration-ms="18366">
    <groups>
    </groups>
    <test started-at="2025-08-28T17:39:56 IST" name="Default test" finished-at="2025-08-28T17:40:15 IST" duration-ms="18366">
      <class name="LoginWithDataFromDataProviders">
        <test-method signature="loginToWebShop(java.lang.String,java.lang.String)[pri:0, instance:LoginWithDataFromDataProviders@139982de]" started-at="2025-08-28T17:39:56 IST" name="loginToWebShop" data-provider="testData1" finished-at="2025-08-28T17:40:15 IST" duration-ms="18280" status="PASS">
          <params>
            <param index="0">
              <value>
                <![CDATA[sapare.thippeswamy@ltimindtree.com]]>
              </value>
            </param>
            <param index="1">
              <value>
                <![CDATA[R@cclive2020]]>
              </value>
            </param>
          </params>
          <reporter-output>
          </reporter-output>
        </test-method> <!-- loginToWebShop -->
      </class> <!-- LoginWithDataFromDataProviders -->
    </test> <!-- Default test -->
  </suite> <!-- Default suite -->
</testng-results>
