<?xml version="1.0" encoding="UTF-8"?>
<testng-results ignored="0" total="1" passed="1" failed="0" skipped="0">
  <reporter-output>
  </reporter-output>
  <suite started-at="2025-09-10T15:51:07 IST" name="Default suite" finished-at="2025-09-10T15:51:20 IST" duration-ms="12586">
    <groups>
    </groups>
    <test started-at="2025-09-10T15:51:07 IST" name="Default test" finished-at="2025-09-10T15:51:20 IST" duration-ms="12586">
      <class name="com.shop.grocery.VerifyMandatoryFieldsInRegistrationPage">
        <test-method is-config="true" signature="setupReport()[pri:0, instance:com.shop.grocery.VerifyMandatoryFieldsInRegistrationPage@a1f72f5]" started-at="2025-09-10T15:51:07 IST" name="setupReport" finished-at="2025-09-10T15:51:07 IST" duration-ms="157" status="PASS">
          <reporter-output>
          </reporter-output>
        </test-method> <!-- setupReport -->
        <test-method is-config="true" signature="launchBrowser()[pri:0, instance:com.shop.grocery.VerifyMandatoryFieldsInRegistrationPage@a1f72f5]" started-at="2025-09-10T15:51:07 IST" name="launchBrowser" finished-at="2025-09-10T15:51:16 IST" duration-ms="8788" status="PASS">
          <reporter-output>
          </reporter-output>
        </test-method> <!-- launchBrowser -->
        <test-method signature="verfyingMandatoryFields()[pri:0, instance:com.shop.grocery.VerifyMandatoryFieldsInRegistrationPage@a1f72f5]" started-at="2025-09-10T15:51:16 IST" name="verfyingMandatoryFields" finished-at="2025-09-10T15:51:20 IST" duration-ms="3226" status="PASS">
          <reporter-output>
          </reporter-output>
        </test-method> <!-- verfyingMandatoryFields -->
        <test-method is-config="true" signature="teamDown(org.testng.ITestResult)[pri:0, instance:com.shop.grocery.VerifyMandatoryFieldsInRegistrationPage@a1f72f5]" started-at="2025-09-10T15:51:20 IST" name="teamDown" finished-at="2025-09-10T15:51:20 IST" duration-ms="370" status="PASS">
          <params>
            <param index="0">
              <value>
                <![CDATA[[TestResult name=verfyingMandatoryFields status=SUCCESS method=VerifyMandatoryFieldsInRegistrationPage.verfyingMandatoryFields()[pri:0, instance:com.shop.grocery.VerifyMandatoryFieldsInRegistrationPage@a1f72f5] output={null}]]]>
              </value>
            </param>
          </params>
          <reporter-output>
          </reporter-output>
        </test-method> <!-- teamDown -->
        <test-method is-config="true" signature="teardownReport()[pri:0, instance:com.shop.grocery.VerifyMandatoryFieldsInRegistrationPage@a1f72f5]" started-at="2025-09-10T15:51:20 IST" name="teardownReport" finished-at="2025-09-10T15:51:20 IST" duration-ms="333" status="PASS">
          <reporter-output>
          </reporter-output>
        </test-method> <!-- teardownReport -->
      </class> <!-- com.shop.grocery.VerifyMandatoryFieldsInRegistrationPage -->
    </test> <!-- Default test -->
  </suite> <!-- Default suite -->
</testng-results>
