<?xml version="1.0" encoding="UTF-8"?>
<testng-results ignored="0" total="1" passed="1" failed="0" skipped="0">
  <reporter-output>
  </reporter-output>
  <suite started-at="2025-08-25T15:03:21 IST" name="Default suite" finished-at="2025-08-25T15:03:27 IST" duration-ms="6111">
    <groups>
    </groups>
    <test started-at="2025-08-25T15:03:21 IST" name="Default test" finished-at="2025-08-25T15:03:27 IST" duration-ms="6111">
      <class name="com.blessing.rest.POSTRequestTestSerialization">
        <test-method signature="CreateBooking()[pri:0, instance:com.blessing.rest.POSTRequestTestSerialization@145f66e3]" started-at="2025-08-25T15:03:21 IST" name="CreateBooking" finished-at="2025-08-25T15:03:27 IST" duration-ms="6060" status="PASS">
          <reporter-output>
          </reporter-output>
        </test-method> <!-- CreateBooking -->
      </class> <!-- com.blessing.rest.POSTRequestTestSerialization -->
    </test> <!-- Default test -->
  </suite> <!-- Default suite -->
</testng-results>
