<?xml version="1.0" encoding="UTF-8"?>
<!-- Generated by org.testng.reporters.JUnitXMLReporter -->
<testsuite ignored="1" hostname="5CG1418WXV" failures="0" tests="1" name="Default test" time="14.969" errors="0" timestamp="2025-09-03T11:51:59 IST">
  <testcase classname="TestNGListers.LoginToGuru99" name="logintoguru" time="14.914"/>
  <testcase classname="TestNGListers.LoginToGuru99" name="TestToFail" time="0.0">
    <ignored/>
  </testcase> <!-- TestToFail -->
</testsuite> <!-- Default test -->
