<?xml version="1.0" encoding="UTF-8"?>
<!-- Generated by org.testng.reporters.JUnitXMLReporter -->
<testsuite ignored="0" hostname="5CG1418WXV" failures="0" tests="6" name="Default test" time="0.113" errors="0" timestamp="2025-08-29T11:06:31 IST">
  <testcase classname="TestCases.InvocationCount" name="InvocationMethod1" time="0.012"/>
  <testcase classname="TestCases.InvocationCount" name="InvocationMethod2" time="0.007"/>
  <testcase classname="TestCases.InvocationCount" name="InvocationMethod2" time="0.008"/>
  <testcase classname="TestCases.InvocationCount" name="InvocationMethod2" time="0.004"/>
  <testcase classname="TestCases.InvocationCount" name="InvocationMethod2" time="0.008"/>
  <testcase classname="TestCases.InvocationCount" name="InvocationMethod2" time="0.013"/>
</testsuite> <!-- Default test -->
